<?xml version="1.0" encoding="UTF-8"?>
<testng-results skipped="0" failed="0" ignored="0" total="1" passed="1">
  <reporter-output>
  </reporter-output>
  <suite name="Default suite" duration-ms="37428" started-at="2020-03-24T14:20:42Z" finished-at="2020-03-24T14:21:19Z">
    <groups>
    </groups>
    <test name="Default test" duration-ms="37428" started-at="2020-03-24T14:20:42Z" finished-at="2020-03-24T14:21:19Z">
      <class name="com.amaz.qa.testcases.AddToCartPageTest">
        <test-method status="PASS" signature="setUp()[pri:0, instance:com.amaz.qa.testcases.AddToCartPageTest@29774679]" name="setUp" is-config="true" duration-ms="31762" started-at="2020-03-24T19:50:42Z" finished-at="2020-03-24T19:51:13Z">
          <reporter-output>
          </reporter-output>
        </test-method> <!-- setUp -->
        <test-method status="PASS" signature="clickOnAddToCartTest()[pri:1, instance:com.amaz.qa.testcases.AddToCartPageTest@29774679]" name="clickOnAddToCartTest" duration-ms="5616" started-at="2020-03-24T19:51:13Z" finished-at="2020-03-24T19:51:19Z">
          <reporter-output>
          </reporter-output>
        </test-method> <!-- clickOnAddToCartTest -->
      </class> <!-- com.amaz.qa.testcases.AddToCartPageTest -->
    </test> <!-- Default test -->
  </suite> <!-- Default suite -->
</testng-results>
